This file contains any messages produced by compilers while
running configure, to aid debugging if configure makes a mistake.

It was created by configure, which was
generated by GNU Autoconf 2.69.  Invocation command line was

  $ ./configure --no-create --no-recursion

## --------- ##
## Platform. ##
## --------- ##

hostname = compilerHost
uname -m = i686
uname -r = 4.7.2-1-ARCH
uname -s = Linux
uname -v = #1 SMP PREEMPT Sat Aug 20 23:21:20 CEST 2016

/usr/bin/uname -p = unknown
/bin/uname -X     = unknown

/bin/arch              = unknown
/usr/bin/arch -k       = unknown
/usr/convex/getsysinfo = unknown
/usr/bin/hostinfo      = unknown
/bin/machine           = unknown
/usr/bin/oslevel       = unknown
/bin/universe          = unknown

PATH: /usr/local/sbin
PATH: /usr/local/bin
PATH: /usr/bin
PATH: /usr/bin/site_perl
PATH: /usr/bin/vendor_perl
PATH: /usr/bin/core_perl


## ----------- ##
## Core tests. ##
## ----------- ##

configure:1832: checking build system type
configure:1846: result: i686-pc-linux-gnu
configure:1866: checking host system type
configure:1879: result: i686-pc-linux-gnu
configure:1899: checking target system type
configure:1912: result: i686-pc-linux-gnu
configure:1965: checking for a BSD-compatible install
configure:2033: result: /usr/bin/install -c
configure:2044: checking whether build environment is sane
configure:2099: result: yes
configure:2250: checking for a thread-safe mkdir -p
configure:2289: result: /usr/bin/mkdir -p
configure:2296: checking for gawk
configure:2312: found /usr/bin/gawk
configure:2323: result: gawk
configure:2334: checking whether make sets $(MAKE)
configure:2356: result: yes
configure:2385: checking whether make supports nested variables
configure:2402: result: yes
configure:2600: checking for ocamlc
configure:2616: found /usr/local/bin/ocamlc
configure:2628: result: yes
configure:2643: checking for OCaml version
configure:2646: result: 4.03.0
configure:2652: checking for OCaml library path
configure:2655: result: /usr/local/lib/ocaml
configure:2663: checking for ocamlopt
configure:2679: found /usr/local/bin/ocamlopt
configure:2691: result: yes
configure:2705: checking for ocamlopt version
configure:2708: result: 4.03.0
configure:2723: checking for ocamlc.opt
configure:2739: found /usr/local/bin/ocamlc.opt
configure:2751: result: yes
configure:2763: checking for ocamlc.opt version
configure:2766: result: 4.03.0
configure:2784: checking for ocamlopt.opt
configure:2800: found /usr/local/bin/ocamlopt.opt
configure:2812: result: yes
configure:2824: checking for ocamlopt.opt version
configure:2827: result: 4.03.0
configure:2845: checking for ocamldep
configure:2861: found /usr/local/bin/ocamldep
configure:2873: result: yes
configure:2890: checking for ocamlmktop
configure:2906: found /usr/local/bin/ocamlmktop
configure:2918: result: yes
configure:2936: checking for ocamlmklib
configure:2952: found /usr/local/bin/ocamlmklib
configure:2964: result: yes
configure:2982: checking for ocamldoc
configure:2998: found /usr/local/bin/ocamldoc
configure:3010: result: yes
configure:3027: checking for OCaml C compiler
configure:3031: result: gcc
configure:3035: checking for gcc
configure:3051: found /usr/bin/gcc
configure:3063: result: yes
configure:3087: checking whether the C compiler works
configure:3109: ocamlc.opt conftest.ml && ( rm -f conftest.cm?; test -f camlprog.exe && mv camlprog.exe a.exe || true )
configure:3113: $? = 0
configure:3161: result: yes
configure:3164: checking for C compiler default output file name
configure:3166: result: a.out
configure:3171: checking for suffix of executables
configure:3178: ocamlc.opt conftest.ml && ( rm -f conftest.cm?; test -f camlprog.exe && mv camlprog.exe a.exe || true )
configure:3182: $? = 0
configure:3204: result: 
configure:3232: checking for ocamllex
configure:3248: found /usr/local/bin/ocamllex
configure:3260: result: yes
configure:3275: checking for ocamllex.opt
configure:3291: found /usr/local/bin/ocamllex.opt
configure:3303: result: yes
configure:3321: checking for ocamlyacc
configure:3337: found /usr/local/bin/ocamlyacc
configure:3349: result: yes
configure:3371: checking for camlp4
configure:3387: found /usr/local/bin/camlp4
configure:3399: result: yes
configure:3413: checking for camlp4 version
configure:3416: result: 4.03.0
configure:3440: checking for camlp4o
configure:3456: found /usr/local/bin/camlp4o
configure:3468: result: yes
configure:3483: checking for camlp4of
configure:3499: found /usr/local/bin/camlp4of
configure:3511: result: yes
configure:3526: checking for camlp4r
configure:3542: found /usr/local/bin/camlp4r
configure:3554: result: yes
configure:3569: checking for camlp4rf
configure:3585: found /usr/local/bin/camlp4rf
configure:3597: result: yes
configure:3611: checking for CamlP4 library path
configure:3614: result: /usr/local/lib/ocaml/camlp4
configure:3646: checking for camlp5
configure:3662: found /usr/local/bin/camlp5
configure:3674: result: yes
configure:3688: checking for camlp5 version
configure:3691: result: Camlp5 version 6.16 (ocaml 4.03.0)
configure:3704: checking for camlp5o
configure:3720: found /usr/local/bin/camlp5o
configure:3732: result: yes
configure:3747: checking for camlp5r
configure:3763: found /usr/local/bin/camlp5r
configure:3775: result: yes
configure:3789: checking for CamlP5 library path
configure:3792: result: /usr/local/lib/ocaml/camlp5
configure:3828: checking for ocamlfind
configure:3844: found /usr/local/bin/ocamlfind
configure:3856: result: yes
configure:3957: checking for pa_extend (pa_extend.cmo)
configure:3963: result: found
configure:4017: checking for pa_extend (pa_extend.cmo)
configure:4023: result: found
configure:4073: checking for pa_pprintf (pa_pprintf.cmo)
configure:4079: result: found
configure:4129: checking for q_MLast (q_MLast.cmo)
configure:4135: result: found
configure:4185: checking for Pr_o (pr_o.cmo)
configure:4191: result: found
configure:4241: checking for logger (pa_log.cmo)
configure:4247: result: found
configure:4297: checking for ostap (pa_ostap.cmo)
configure:4303: result: found
configure:4353: checking for GT (pa_gt.cmo)
configure:4359: result: found
configure:4409: checking for MiniKanren (pa_minikanren.cmo)
configure:4415: result: found
configure:4469: checking for re (Re_str)
configure:4496: result: adding -I /usr/local/lib/ocaml/site-lib/re
configure:4515: checking for GT (GT)
configure:4542: result: adding -I /usr/local/lib/ocaml/site-lib/GT
configure:4561: checking for MiniKanren (MiniKanren)
configure:4588: result: adding -I /usr/local/lib/ocaml/site-lib/MiniKanren
configure:4607: checking for ostap (Ostap)
configure:4614: result: adding -I /usr/local/lib/ocaml/site-lib/ostap ostap.cmo
configure:4800: checking that generated files are newer than configure
configure:4806: result: done
configure:4826: creating ./config.status

## ---------------- ##
## Cache variables. ##
## ---------------- ##

ac_cv_build=i686-pc-linux-gnu
ac_cv_env_build_alias_set=
ac_cv_env_build_alias_value=
ac_cv_env_host_alias_set=
ac_cv_env_host_alias_value=
ac_cv_env_target_alias_set=
ac_cv_env_target_alias_value=
ac_cv_host=i686-pc-linux-gnu
ac_cv_path_install='/usr/bin/install -c'
ac_cv_path_mkdir=/usr/bin/mkdir
ac_cv_prog_AWK=gawk
ac_cv_prog_have_camlp4=yes
ac_cv_prog_have_camlp4o=yes
ac_cv_prog_have_camlp4of=yes
ac_cv_prog_have_camlp4r=yes
ac_cv_prog_have_camlp4rf=yes
ac_cv_prog_have_camlp5=yes
ac_cv_prog_have_camlp5o=yes
ac_cv_prog_have_camlp5r=yes
ac_cv_prog_have_ocamlc=yes
ac_cv_prog_have_ocamlcc=yes
ac_cv_prog_have_ocamlcdotopt=yes
ac_cv_prog_have_ocamldep=yes
ac_cv_prog_have_ocamldoc=yes
ac_cv_prog_have_ocamlfind=yes
ac_cv_prog_have_ocamllex=yes
ac_cv_prog_have_ocamllexdotopt=yes
ac_cv_prog_have_ocamlmklib=yes
ac_cv_prog_have_ocamlmktop=yes
ac_cv_prog_have_ocamlopt=yes
ac_cv_prog_have_ocamloptdotopt=yes
ac_cv_prog_have_ocamlyacc=yes
ac_cv_prog_make_make_set=yes
ac_cv_target=i686-pc-linux-gnu
am_cv_make_support_nested_variables=yes

## ----------------- ##
## Output variables. ##
## ----------------- ##

ACLOCAL='${SHELL} /home/me/sample-compiler/config/missing aclocal-1.15'
AMTAR='$${TAR-tar}'
AM_BACKSLASH='\'
AM_DEFAULT_V='$(AM_DEFAULT_VERBOSITY)'
AM_DEFAULT_VERBOSITY='1'
AM_V='$(V)'
AUTOCONF='${SHELL} /home/me/sample-compiler/config/missing autoconf'
AUTOHEADER='${SHELL} /home/me/sample-compiler/config/missing autoheader'
AUTOMAKE='${SHELL} /home/me/sample-compiler/config/missing automake-1.15'
AWK='gawk'
BFLAGS='$(AM_BFLAGS)'
CAMLP4='camlp4'
CAMLP4LIB='/usr/local/lib/ocaml/camlp4'
CAMLP4O='camlp4o'
CAMLP4OF='camlp4of'
CAMLP4R='camlp4r'
CAMLP4RF='camlp4rf'
CAMLP4_FALSE='#'
CAMLP4_TRUE=''
CAMLP5='camlp5'
CAMLP5LIB='/usr/local/lib/ocaml/camlp5'
CAMLP5O='camlp5o'
CAMLP5R='camlp5r'
CAMLP5_FALSE='#'
CAMLP5_TRUE=''
CFLAGS=''
CYGPATH_W='echo'
DEBUG=''
DEFS='-DPACKAGE_NAME=\"\" -DPACKAGE_TARNAME=\"\" -DPACKAGE_VERSION=\"\" -DPACKAGE_STRING=\"\" -DPACKAGE_BUGREPORT=\"\" -DPACKAGE_URL=\"\"'
ECHO_C=''
ECHO_N='-n'
ECHO_T=''
EXEEXT=''
EXTRA_CMA=' re.cma re_posix.cma re_perl.cma re_pcre.cma re_glob.cma re_emacs.cma re_str.cma GT.cma MiniKanren.cma ostap.cmo'
HAVE_OCAMLFIND_FALSE='#'
HAVE_OCAMLFIND_TRUE=''
INSTALL_DATA='${INSTALL} -m 644'
INSTALL_PROGRAM='${INSTALL}'
INSTALL_SCRIPT='${INSTALL}'
INSTALL_STRIP_PROGRAM='$(install_sh) -c -s'
LIBOBJS=''
LIBS=''
LOG=''
LTLIBOBJS=''
MAKEINFO='${SHELL} /home/me/sample-compiler/config/missing makeinfo'
META='/usr/local/lib/ocaml/site-lib/ostap/META'
MINGW32_FALSE=''
MINGW32_TRUE='#'
MKDIR_P='/usr/bin/mkdir -p'
MODULE_INCLUDES=' -I /usr/local/lib/ocaml/site-lib/re -I /usr/local/lib/ocaml/site-lib/GT -I /usr/local/lib/ocaml/site-lib/MiniKanren -I /usr/local/lib/ocaml/site-lib/ostap'
OCAMLC='ocamlc.opt'
OCAMLDEP='ocamldep'
OCAMLDOC='ocamldoc'
OCAMLDSORT='echo'
OCAMLFIND='ocamlfind'
OCAMLLEX='ocamllex.opt'
OCAMLLIB='/usr/local/lib/ocaml'
OCAMLMKLIB='ocamlmklib'
OCAMLMKTOP='ocamlmktop'
OCAMLOPT='ocamlopt.opt'
OCAMLVERSION='4.03.0'
OCAMLYACC='ocamlyacc'
OFLAGS='$(AM_OFLAGS)'
P4FLAGS='$(AM_P4FLAGS)'
P5FLAGS='$(AM_P5FLAGS)'
PACKAGE='RC'
PACKAGE_BUGREPORT=''
PACKAGE_NAME=''
PACKAGE_STRING=''
PACKAGE_TARNAME=''
PACKAGE_URL=''
PACKAGE_VERSION=''
PARSER_INCLUDES=''
PATH_SEPARATOR=':'
SET_MAKE=''
SHELL='/bin/sh'
SITELIBDIR=''
STRIP=''
VERSION=''
ac_aux_dir='config'
am__isrc=''
am__leading_dot='.'
am__tar='$${TAR-tar} chof - "$$tardir"'
am__untar='$${TAR-tar} xf -'
bindir='${exec_prefix}/bin'
build='i686-pc-linux-gnu'
build_alias=''
build_cpu='i686'
build_os='linux-gnu'
build_vendor='pc'
datadir='${datarootdir}'
datarootdir='${prefix}/share'
docdir='${datarootdir}/doc/${PACKAGE}'
dvidir='${docdir}'
exec_prefix='${prefix}'
have_camlp4='yes'
have_camlp4o='yes'
have_camlp4of='yes'
have_camlp4r='yes'
have_camlp4rf='yes'
have_camlp5='yes'
have_camlp5o='yes'
have_camlp5r='yes'
have_ocamlc='yes'
have_ocamlcc='yes'
have_ocamlcdotopt='yes'
have_ocamldep='yes'
have_ocamldoc='yes'
have_ocamldsort=''
have_ocamlfind='yes'
have_ocamllex='yes'
have_ocamllexdotopt='yes'
have_ocamlmklib='yes'
have_ocamlmktop='yes'
have_ocamlopt='yes'
have_ocamloptdotopt='yes'
have_ocamlyacc='yes'
host='i686-pc-linux-gnu'
host_alias=''
host_cpu='i686'
host_os='linux-gnu'
host_vendor='pc'
htmldir='${docdir}'
includedir='${prefix}/include'
infodir='${datarootdir}/info'
install_sh='${SHELL} /home/me/sample-compiler/config/install-sh'
libdir='${exec_prefix}/lib'
libexecdir='${exec_prefix}/libexec'
localedir='${datarootdir}/locale'
localstatedir='${prefix}/var'
mandir='${datarootdir}/man'
mkdir_p='$(MKDIR_P)'
oldincludedir='/usr/include'
pdfdir='${docdir}'
prefix='/usr/local'
program_transform_name='s,x,x,'
psdir='${docdir}'
sbindir='${exec_prefix}/sbin'
sharedstatedir='${prefix}/com'
sysconfdir='${prefix}/etc'
target='i686-pc-linux-gnu'
target_alias=''
target_cpu='i686'
target_os='linux-gnu'
target_vendor='pc'

## ----------- ##
## confdefs.h. ##
## ----------- ##

/* confdefs.h */
#define PACKAGE_NAME ""
#define PACKAGE_TARNAME ""
#define PACKAGE_VERSION ""
#define PACKAGE_STRING ""
#define PACKAGE_BUGREPORT ""
#define PACKAGE_URL ""

configure: exit 0

## ---------------------- ##
## Running config.status. ##
## ---------------------- ##

This file was extended by config.status, which was
generated by GNU Autoconf 2.69.  Invocation command line was

  CONFIG_FILES    = 
  CONFIG_HEADERS  = 
  CONFIG_LINKS    = 
  CONFIG_COMMANDS = 
  $ ./config.status 

on compilerHost

config.status:821: creating Makefile
config.status:821: creating src/Makefile

## ---------------------- ##
## Running config.status. ##
## ---------------------- ##

This file was extended by config.status, which was
generated by GNU Autoconf 2.69.  Invocation command line was

  CONFIG_FILES    = 
  CONFIG_HEADERS  = 
  CONFIG_LINKS    = 
  CONFIG_COMMANDS = 
  $ ./config.status 

on compilerHost

config.status:821: creating Makefile
config.status:821: creating src/Makefile
